d:\visual studio 2017\projects\individuellt projekt\camerafeed\camerafeed\camerafeed\jpegrtspcamera\debug\vc141.pdb
d:\visual studio 2017\projects\individuellt projekt\camerafeed\camerafeed\camerafeed\jpegrtspcamera\debug\vc141.idb
d:\visual studio 2017\projects\individuellt projekt\camerafeed\camerafeed\camerafeed\jpegrtspcamera\debug\simplertpsink.obj
d:\visual studio 2017\projects\individuellt projekt\camerafeed\camerafeed\camerafeed\jpegrtspcamera\debug\simplertpsource.obj
d:\visual studio 2017\projects\individuellt projekt\camerafeed\camerafeed\camerafeed\jpegrtspcamera\debug\streamparser.obj
d:\visual studio 2017\projects\individuellt projekt\camerafeed\camerafeed\camerafeed\jpegrtspcamera\debug\t140textrtpsink.obj
d:\visual studio 2017\projects\individuellt projekt\camerafeed\camerafeed\camerafeed\jpegrtspcamera\debug\textrtpsink.obj
d:\visual studio 2017\projects\individuellt projekt\camerafeed\camerafeed\camerafeed\jpegrtspcamera\debug\theoravideortpsink.obj
d:\visual studio 2017\projects\individuellt projekt\camerafeed\camerafeed\camerafeed\jpegrtspcamera\debug\theoravideortpsource.obj
d:\visual studio 2017\projects\individuellt projekt\camerafeed\camerafeed\camerafeed\jpegrtspcamera\debug\vp8videortpsink.obj
d:\visual studio 2017\projects\individuellt projekt\camerafeed\camerafeed\camerafeed\jpegrtspcamera\debug\vp8videortpsource.obj
d:\visual studio 2017\projects\individuellt projekt\camerafeed\camerafeed\camerafeed\jpegrtspcamera\debug\vp9videortpsink.obj
d:\visual studio 2017\projects\individuellt projekt\camerafeed\camerafeed\camerafeed\jpegrtspcamera\debug\vp9videortpsource.obj
d:\visual studio 2017\projects\individuellt projekt\camerafeed\camerafeed\camerafeed\jpegrtspcamera\debug\videortpsink.obj
d:\visual studio 2017\projects\individuellt projekt\camerafeed\camerafeed\camerafeed\jpegrtspcamera\debug\vorbisaudiortpsink.obj
d:\visual studio 2017\projects\individuellt projekt\camerafeed\camerafeed\camerafeed\jpegrtspcamera\debug\vorbisaudiortpsource.obj
d:\visual studio 2017\projects\individuellt projekt\camerafeed\camerafeed\camerafeed\jpegrtspcamera\debug\ourmd5.obj
d:\visual studio 2017\projects\individuellt projekt\camerafeed\camerafeed\camerafeed\jpegrtspcamera\debug\camerajpegdevicesource.obj
d:\visual studio 2017\projects\individuellt projekt\camerafeed\camerafeed\camerafeed\jpegrtspcamera\debug\camerathread.obj
d:\visual studio 2017\projects\individuellt projekt\camerafeed\camerafeed\camerafeed\jpegrtspcamera\debug\jpegmediasubsession.obj
d:\visual studio 2017\projects\individuellt projekt\camerafeed\camerafeed\camerafeed\jpegrtspcamera\debug\jpegframeparser.obj
d:\visual studio 2017\projects\individuellt projekt\camerafeed\camerafeed\camerafeed\jpegrtspcamera\debug\main.obj
d:\visual studio 2017\projects\individuellt projekt\camerafeed\camerafeed\camerafeed\jpegrtspcamera\debug\media.obj
d:\visual studio 2017\projects\individuellt projekt\camerafeed\camerafeed\camerafeed\jpegrtspcamera\debug\mediasession.obj
d:\visual studio 2017\projects\individuellt projekt\camerafeed\camerafeed\camerafeed\jpegrtspcamera\debug\mediasink.obj
d:\visual studio 2017\projects\individuellt projekt\camerafeed\camerafeed\camerafeed\jpegrtspcamera\debug\mediasource.obj
d:\visual studio 2017\projects\individuellt projekt\camerafeed\camerafeed\camerafeed\jpegrtspcamera\debug\multiframedrtpsink.obj
d:\visual studio 2017\projects\individuellt projekt\camerafeed\camerafeed\camerafeed\jpegrtspcamera\debug\multiframedrtpsource.obj
d:\visual studio 2017\projects\individuellt projekt\camerafeed\camerafeed\camerafeed\jpegrtspcamera\debug\ondemandservermediasubsession.obj
d:\visual studio 2017\projects\individuellt projekt\camerafeed\camerafeed\camerafeed\jpegrtspcamera\debug\passiveservermediasubsession.obj
d:\visual studio 2017\projects\individuellt projekt\camerafeed\camerafeed\camerafeed\jpegrtspcamera\debug\proxyservermediasession.obj
d:\visual studio 2017\projects\individuellt projekt\camerafeed\camerafeed\camerafeed\jpegrtspcamera\debug\qcelpaudiortpsource.obj
d:\visual studio 2017\projects\individuellt projekt\camerafeed\camerafeed\camerafeed\jpegrtspcamera\debug\quicktimegenericrtpsource.obj
d:\visual studio 2017\projects\individuellt projekt\camerafeed\camerafeed\camerafeed\jpegrtspcamera\debug\rtcp.obj
d:\visual studio 2017\projects\individuellt projekt\camerafeed\camerafeed\camerafeed\jpegrtspcamera\debug\rtpinterface.obj
d:\visual studio 2017\projects\individuellt projekt\camerafeed\camerafeed\camerafeed\jpegrtspcamera\debug\rtpsink.obj
d:\visual studio 2017\projects\individuellt projekt\camerafeed\camerafeed\camerafeed\jpegrtspcamera\debug\rtpsource.obj
d:\visual studio 2017\projects\individuellt projekt\camerafeed\camerafeed\camerafeed\jpegrtspcamera\debug\rtspclient.obj
d:\visual studio 2017\projects\individuellt projekt\camerafeed\camerafeed\camerafeed\jpegrtspcamera\debug\rtspcommon.obj
d:\visual studio 2017\projects\individuellt projekt\camerafeed\camerafeed\camerafeed\jpegrtspcamera\debug\rtspregistersender.obj
d:\visual studio 2017\projects\individuellt projekt\camerafeed\camerafeed\camerafeed\jpegrtspcamera\debug\rtspserver.obj
d:\visual studio 2017\projects\individuellt projekt\camerafeed\camerafeed\camerafeed\jpegrtspcamera\debug\servermediasession.obj
d:\visual studio 2017\projects\individuellt projekt\camerafeed\camerafeed\camerafeed\jpegrtspcamera\debug\mp3internals.obj
d:\visual studio 2017\projects\individuellt projekt\camerafeed\camerafeed\camerafeed\jpegrtspcamera\debug\mp3internalshuffman.obj
d:\visual studio 2017\projects\individuellt projekt\camerafeed\camerafeed\camerafeed\jpegrtspcamera\debug\mp3internalshuffmantable.obj
d:\visual studio 2017\projects\individuellt projekt\camerafeed\camerafeed\camerafeed\jpegrtspcamera\debug\mpeg1or2audiortpsink.obj
d:\visual studio 2017\projects\individuellt projekt\camerafeed\camerafeed\camerafeed\jpegrtspcamera\debug\mpeg1or2audiortpsource.obj
d:\visual studio 2017\projects\individuellt projekt\camerafeed\camerafeed\camerafeed\jpegrtspcamera\debug\mpeg1or2videortpsink.obj
d:\visual studio 2017\projects\individuellt projekt\camerafeed\camerafeed\camerafeed\jpegrtspcamera\debug\mpeg1or2videortpsource.obj
d:\visual studio 2017\projects\individuellt projekt\camerafeed\camerafeed\camerafeed\jpegrtspcamera\debug\mpeg1or2videostreamdiscreteframer.obj
d:\visual studio 2017\projects\individuellt projekt\camerafeed\camerafeed\camerafeed\jpegrtspcamera\debug\mpeg1or2videostreamframer.obj
d:\visual studio 2017\projects\individuellt projekt\camerafeed\camerafeed\camerafeed\jpegrtspcamera\debug\mpeg2transportstreamframer.obj
d:\visual studio 2017\projects\individuellt projekt\camerafeed\camerafeed\camerafeed\jpegrtspcamera\debug\mpeg4esvideortpsink.obj
d:\visual studio 2017\projects\individuellt projekt\camerafeed\camerafeed\camerafeed\jpegrtspcamera\debug\mpeg4esvideortpsource.obj
d:\visual studio 2017\projects\individuellt projekt\camerafeed\camerafeed\camerafeed\jpegrtspcamera\debug\mpeg4genericrtpsink.obj
d:\visual studio 2017\projects\individuellt projekt\camerafeed\camerafeed\camerafeed\jpegrtspcamera\debug\mpeg4genericrtpsource.obj
d:\visual studio 2017\projects\individuellt projekt\camerafeed\camerafeed\camerafeed\jpegrtspcamera\debug\mpeg4latmaudiortpsink.obj
d:\visual studio 2017\projects\individuellt projekt\camerafeed\camerafeed\camerafeed\jpegrtspcamera\debug\mpeg4latmaudiortpsource.obj
d:\visual studio 2017\projects\individuellt projekt\camerafeed\camerafeed\camerafeed\jpegrtspcamera\debug\mpeg4videostreamdiscreteframer.obj
d:\visual studio 2017\projects\individuellt projekt\camerafeed\camerafeed\camerafeed\jpegrtspcamera\debug\mpeg4videostreamframer.obj
d:\visual studio 2017\projects\individuellt projekt\camerafeed\camerafeed\camerafeed\jpegrtspcamera\debug\mpegvideostreamframer.obj
d:\visual studio 2017\projects\individuellt projekt\camerafeed\camerafeed\camerafeed\jpegrtspcamera\debug\mpegvideostreamparser.obj
d:\visual studio 2017\projects\individuellt projekt\camerafeed\camerafeed\camerafeed\jpegrtspcamera\debug\h264videortpsink.obj
d:\visual studio 2017\projects\individuellt projekt\camerafeed\camerafeed\camerafeed\jpegrtspcamera\debug\h264videortpsource.obj
d:\visual studio 2017\projects\individuellt projekt\camerafeed\camerafeed\camerafeed\jpegrtspcamera\debug\h264videostreamdiscreteframer.obj
d:\visual studio 2017\projects\individuellt projekt\camerafeed\camerafeed\camerafeed\jpegrtspcamera\debug\h264videostreamframer.obj
d:\visual studio 2017\projects\individuellt projekt\camerafeed\camerafeed\camerafeed\jpegrtspcamera\debug\h264or5videortpsink.obj
d:\visual studio 2017\projects\individuellt projekt\camerafeed\camerafeed\camerafeed\jpegrtspcamera\debug\h264or5videostreamdiscreteframer.obj
d:\visual studio 2017\projects\individuellt projekt\camerafeed\camerafeed\camerafeed\jpegrtspcamera\debug\h264or5videostreamframer.obj
d:\visual studio 2017\projects\individuellt projekt\camerafeed\camerafeed\camerafeed\jpegrtspcamera\debug\h265videortpsink.obj
d:\visual studio 2017\projects\individuellt projekt\camerafeed\camerafeed\camerafeed\jpegrtspcamera\debug\h265videortpsource.obj
d:\visual studio 2017\projects\individuellt projekt\camerafeed\camerafeed\camerafeed\jpegrtspcamera\debug\h265videostreamdiscreteframer.obj
d:\visual studio 2017\projects\individuellt projekt\camerafeed\camerafeed\camerafeed\jpegrtspcamera\debug\inputfile.obj
d:\visual studio 2017\projects\individuellt projekt\camerafeed\camerafeed\camerafeed\jpegrtspcamera\debug\jpegvideortpsink.obj
d:\visual studio 2017\projects\individuellt projekt\camerafeed\camerafeed\camerafeed\jpegrtspcamera\debug\jpegvideortpsource.obj
d:\visual studio 2017\projects\individuellt projekt\camerafeed\camerafeed\camerafeed\jpegrtspcamera\debug\jpegvideosource.obj
d:\visual studio 2017\projects\individuellt projekt\camerafeed\camerafeed\camerafeed\jpegrtspcamera\debug\locale.obj
d:\visual studio 2017\projects\individuellt projekt\camerafeed\camerafeed\camerafeed\jpegrtspcamera\debug\mp3adu.obj
d:\visual studio 2017\projects\individuellt projekt\camerafeed\camerafeed\camerafeed\jpegrtspcamera\debug\mp3adurtpsink.obj
d:\visual studio 2017\projects\individuellt projekt\camerafeed\camerafeed\camerafeed\jpegrtspcamera\debug\mp3adurtpsource.obj
d:\visual studio 2017\projects\individuellt projekt\camerafeed\camerafeed\camerafeed\jpegrtspcamera\debug\mp3adudescriptor.obj
d:\visual studio 2017\projects\individuellt projekt\camerafeed\camerafeed\camerafeed\jpegrtspcamera\debug\mp3aduinterleaving.obj
d:\visual studio 2017\projects\individuellt projekt\camerafeed\camerafeed\camerafeed\jpegrtspcamera\debug\basicudpsink.obj
d:\visual studio 2017\projects\individuellt projekt\camerafeed\camerafeed\camerafeed\jpegrtspcamera\debug\basicudpsource.obj
d:\visual studio 2017\projects\individuellt projekt\camerafeed\camerafeed\camerafeed\jpegrtspcamera\debug\bitvector.obj
d:\visual studio 2017\projects\individuellt projekt\camerafeed\camerafeed\camerafeed\jpegrtspcamera\debug\bytestreamfilesource.obj
d:\visual studio 2017\projects\individuellt projekt\camerafeed\camerafeed\camerafeed\jpegrtspcamera\debug\dvvideortpsink.obj
d:\visual studio 2017\projects\individuellt projekt\camerafeed\camerafeed\camerafeed\jpegrtspcamera\debug\dvvideortpsource.obj
d:\visual studio 2017\projects\individuellt projekt\camerafeed\camerafeed\camerafeed\jpegrtspcamera\debug\dvvideostreamframer.obj
d:\visual studio 2017\projects\individuellt projekt\camerafeed\camerafeed\camerafeed\jpegrtspcamera\debug\digestauthentication.obj
d:\visual studio 2017\projects\individuellt projekt\camerafeed\camerafeed\camerafeed\jpegrtspcamera\debug\fileservermediasubsession.obj
d:\visual studio 2017\projects\individuellt projekt\camerafeed\camerafeed\camerafeed\jpegrtspcamera\debug\framedfilesource.obj
d:\visual studio 2017\projects\individuellt projekt\camerafeed\camerafeed\camerafeed\jpegrtspcamera\debug\framedfilter.obj
d:\visual studio 2017\projects\individuellt projekt\camerafeed\camerafeed\camerafeed\jpegrtspcamera\debug\framedsource.obj
d:\visual studio 2017\projects\individuellt projekt\camerafeed\camerafeed\camerafeed\jpegrtspcamera\debug\gsmaudiortpsink.obj
d:\visual studio 2017\projects\individuellt projekt\camerafeed\camerafeed\camerafeed\jpegrtspcamera\debug\h261videortpsource.obj
d:\visual studio 2017\projects\individuellt projekt\camerafeed\camerafeed\camerafeed\jpegrtspcamera\debug\h263plusvideofileservermediasubsession.obj
d:\visual studio 2017\projects\individuellt projekt\camerafeed\camerafeed\camerafeed\jpegrtspcamera\debug\h263plusvideortpsink.obj
d:\visual studio 2017\projects\individuellt projekt\camerafeed\camerafeed\camerafeed\jpegrtspcamera\debug\h263plusvideortpsource.obj
d:\visual studio 2017\projects\individuellt projekt\camerafeed\camerafeed\camerafeed\jpegrtspcamera\debug\h263plusvideostreamframer.obj
d:\visual studio 2017\projects\individuellt projekt\camerafeed\camerafeed\camerafeed\jpegrtspcamera\debug\h263plusvideostreamparser.obj
d:\visual studio 2017\projects\individuellt projekt\camerafeed\camerafeed\camerafeed\jpegrtspcamera\debug\h264videofileservermediasubsession.obj
d:\visual studio 2017\projects\individuellt projekt\camerafeed\camerafeed\camerafeed\jpegrtspcamera\debug\basichashtable.obj
d:\visual studio 2017\projects\individuellt projekt\camerafeed\camerafeed\camerafeed\jpegrtspcamera\debug\basictaskscheduler.obj
d:\visual studio 2017\projects\individuellt projekt\camerafeed\camerafeed\camerafeed\jpegrtspcamera\debug\basictaskscheduler0.obj
d:\visual studio 2017\projects\individuellt projekt\camerafeed\camerafeed\camerafeed\jpegrtspcamera\debug\basicusageenvironment.obj
d:\visual studio 2017\projects\individuellt projekt\camerafeed\camerafeed\camerafeed\jpegrtspcamera\debug\basicusageenvironment0.obj
d:\visual studio 2017\projects\individuellt projekt\camerafeed\camerafeed\camerafeed\jpegrtspcamera\debug\delayqueue.obj
d:\visual studio 2017\projects\individuellt projekt\camerafeed\camerafeed\camerafeed\jpegrtspcamera\debug\hashtable.obj
d:\visual studio 2017\projects\individuellt projekt\camerafeed\camerafeed\camerafeed\jpegrtspcamera\debug\usageenvironment.obj
d:\visual studio 2017\projects\individuellt projekt\camerafeed\camerafeed\camerafeed\jpegrtspcamera\debug\strdup.obj
d:\visual studio 2017\projects\individuellt projekt\camerafeed\camerafeed\camerafeed\jpegrtspcamera\debug\groupeid.obj
d:\visual studio 2017\projects\individuellt projekt\camerafeed\camerafeed\camerafeed\jpegrtspcamera\debug\groupsock.obj
d:\visual studio 2017\projects\individuellt projekt\camerafeed\camerafeed\camerafeed\jpegrtspcamera\debug\groupsockhelper.obj
d:\visual studio 2017\projects\individuellt projekt\camerafeed\camerafeed\camerafeed\jpegrtspcamera\debug\netaddress.obj
d:\visual studio 2017\projects\individuellt projekt\camerafeed\camerafeed\camerafeed\jpegrtspcamera\debug\netinterface.obj
d:\visual studio 2017\projects\individuellt projekt\camerafeed\camerafeed\camerafeed\jpegrtspcamera\debug\ac3audiortpsink.obj
d:\visual studio 2017\projects\individuellt projekt\camerafeed\camerafeed\camerafeed\jpegrtspcamera\debug\ac3audiortpsource.obj
d:\visual studio 2017\projects\individuellt projekt\camerafeed\camerafeed\camerafeed\jpegrtspcamera\debug\amraudiortpsource.obj
d:\visual studio 2017\projects\individuellt projekt\camerafeed\camerafeed\camerafeed\jpegrtspcamera\debug\amraudiosource.obj
d:\visual studio 2017\projects\individuellt projekt\camerafeed\camerafeed\camerafeed\jpegrtspcamera\debug\audiortpsink.obj
d:\visual studio 2017\projects\individuellt projekt\camerafeed\camerafeed\camerafeed\jpegrtspcamera\debug\base64.obj
d:\visual studio 2017\projects\individuellt projekt\camerafeed\camerafeed\camerafeed\debug\camerafeed.exe
d:\visual studio 2017\projects\individuellt projekt\camerafeed\camerafeed\camerafeed\debug\camerafeed.ilk
d:\visual studio 2017\projects\individuellt projekt\camerafeed\camerafeed\camerafeed\debug\camerafeed.pdb
d:\visual studio 2017\projects\individuellt projekt\camerafeed\camerafeed\camerafeed\jpegrtspcamera\debug\inet.obj
d:\visual studio 2017\projects\individuellt projekt\camerafeed\camerafeed\camerafeed\jpegrtspcamera\debug\rtcp_from_spec.obj
d:\visual studio 2017\projects\individuellt projekt\camerafeed\camerafeed\camerafeed\jpegrtspcamera\debug\camerafeed.tlog\cl.command.1.tlog
d:\visual studio 2017\projects\individuellt projekt\camerafeed\camerafeed\camerafeed\jpegrtspcamera\debug\camerafeed.tlog\cl.read.1.tlog
d:\visual studio 2017\projects\individuellt projekt\camerafeed\camerafeed\camerafeed\jpegrtspcamera\debug\camerafeed.tlog\cl.write.1.tlog
d:\visual studio 2017\projects\individuellt projekt\camerafeed\camerafeed\camerafeed\jpegrtspcamera\debug\camerafeed.tlog\link.command.1.tlog
d:\visual studio 2017\projects\individuellt projekt\camerafeed\camerafeed\camerafeed\jpegrtspcamera\debug\camerafeed.tlog\link.read.1.tlog
d:\visual studio 2017\projects\individuellt projekt\camerafeed\camerafeed\camerafeed\jpegrtspcamera\debug\camerafeed.tlog\link.write.1.tlog
