  main.cpp
  UsageEnvironment.cpp
  strDup.cpp
  HashTable.cpp
  VP9VideoRTPSource.cpp
  VP9VideoRTPSink.cpp
  VP8VideoRTPSource.cpp
  VP8VideoRTPSink.cpp
  VorbisAudioRTPSource.cpp
  VorbisAudioRTPSink.cpp
  VideoRTPSink.cpp
  TheoraVideoRTPSource.cpp
  TheoraVideoRTPSink.cpp
  TextRTPSink.cpp
  T140TextRTPSink.cpp
  StreamParser.cpp
  SimpleRTPSource.cpp
  SimpleRTPSink.cpp
  ServerMediaSession.cpp
  RTSPServer.cpp
  Generating Code...
  Compiling...
  RTSPRegisterSender.cpp
  RTSPCommon.cpp
  RTSPClient.cpp
  RTPSource.cpp
  RTPSink.cpp
  RTPInterface.cpp
  RTCP.cpp
  QuickTimeGenericRTPSource.cpp
  QCELPAudioRTPSource.cpp
  ProxyServerMediaSession.cpp
  PassiveServerMediaSubsession.cpp
  ourMD5.cpp
  OnDemandServerMediaSubsession.cpp
  MultiFramedRTPSource.cpp
  MultiFramedRTPSink.cpp
  MPEGVideoStreamParser.cpp
  MPEGVideoStreamFramer.cpp
  MPEG4VideoStreamFramer.cpp
  MPEG4VideoStreamDiscreteFramer.cpp
  MPEG4LATMAudioRTPSource.cpp
  Generating Code...
  Compiling...
  MPEG4LATMAudioRTPSink.cpp
  MPEG4GenericRTPSource.cpp
  MPEG4GenericRTPSink.cpp
  MPEG4ESVideoRTPSource.cpp
  MPEG4ESVideoRTPSink.cpp
  MPEG2TransportStreamFramer.cpp
  MPEG1or2VideoStreamFramer.cpp
  MPEG1or2VideoStreamDiscreteFramer.cpp
  MPEG1or2VideoRTPSource.cpp
  MPEG1or2VideoRTPSink.cpp
  MPEG1or2AudioRTPSource.cpp
  MPEG1or2AudioRTPSink.cpp
  MP3InternalsHuffmanTable.cpp
  MP3InternalsHuffman.cpp
  MP3Internals.cpp
  MP3ADURTPSource.cpp
  MP3ADURTPSink.cpp
  MP3ADUinterleaving.cpp
  MP3ADUdescriptor.cpp
  MP3ADU.cpp
  Generating Code...
  Compiling...
  MediaSource.cpp
  MediaSink.cpp
  MediaSession.cpp
  Media.cpp
  Locale.cpp
  JPEGVideoSource.cpp
  JPEGVideoRTPSource.cpp
  JPEGVideoRTPSink.cpp
  InputFile.cpp
  H265VideoStreamDiscreteFramer.cpp
  H265VideoRTPSource.cpp
  H265VideoRTPSink.cpp
  H264VideoStreamFramer.cpp
  H264VideoStreamDiscreteFramer.cpp
  H264VideoRTPSource.cpp
  H264VideoRTPSink.cpp
  H264VideoFileServerMediaSubsession.cpp
  H264or5VideoStreamFramer.cpp
d:\visual studio 2017\projects\individuellt projekt\camerafeed\live\livemedia\h264or5videostreamframer.cpp(670): warning C4018: '<': signed/unsigned mismatch
  H264or5VideoStreamDiscreteFramer.cpp
  H264or5VideoRTPSink.cpp
  Generating Code...
  Compiling...
  H263plusVideoStreamParser.cpp
  H263plusVideoStreamFramer.cpp
  H263plusVideoRTPSource.cpp
  H263plusVideoRTPSink.cpp
  H263plusVideoFileServerMediaSubsession.cpp
  H261VideoRTPSource.cpp
  GSMAudioRTPSink.cpp
  FramedSource.cpp
  FramedFilter.cpp
  FramedFileSource.cpp
  FileServerMediaSubsession.cpp
  DVVideoStreamFramer.cpp
  DVVideoRTPSource.cpp
  DVVideoRTPSink.cpp
  DigestAuthentication.cpp
  ByteStreamFileSource.cpp
  BitVector.cpp
  BasicUDPSource.cpp
  BasicUDPSink.cpp
  Base64.cpp
  Generating Code...
  Compiling...
  AudioRTPSink.cpp
  AMRAudioSource.cpp
  AMRAudioRTPSource.cpp
  AC3AudioRTPSource.cpp
  AC3AudioRTPSink.cpp
  NetInterface.cpp
  NetAddress.cpp
  GroupsockHelper.cpp
d:\visual studio 2017\projects\individuellt projekt\camerafeed\live\groupsock\groupsockhelper.cpp(769): warning C4244: '=': conversion from 'time_t' to 'long', possible loss of data
  Groupsock.cpp
  GroupEId.cpp
  DelayQueue.cpp
  BasicUsageEnvironment0.cpp
  BasicUsageEnvironment.cpp
  BasicTaskScheduler0.cpp
  BasicTaskScheduler.cpp
  BasicHashTable.cpp
  JPEGMediaSubsession.cpp
  JpegFrameParser.cpp
  CameraThread.cpp
  CameraJPEGDeviceSource.cpp
  Generating Code...
  rtcp_from_spec.c
  inet.c
  Generating Code...
  JpegRtspCamera.vcxproj -> D:\Visual Studio 2017\Projects\Individuellt Projekt\CameraFeed\cameraFeed\cameraFeed\Debug\CameraFeed.exe
